[    0.000000] Linux version 4.15.0-142-generic (buildd@lgw01-amd64-036) (gcc version 7.5.0 (Ubuntu 7.5.0-3ubuntu1~18.04)) #146-Ubuntu SMP Tue Apr 13 01:11:19 UTC 2021 (Ubuntu 4.15.0-142.146-generic 4.15.18)
[    0.000000] Command line: BOOT_IMAGE=/boot/vmlinuz-4.15.0-142-generic root=LABEL=cloudimg-rootfs ro console=tty1 console=ttyS0
[    0.000000] KERNEL supported cpus:
[    0.000000]   Intel GenuineIntel
[    0.000000]   AMD AuthenticAMD
[    0.000000]   Centaur CentaurHauls
[    0.000000] x86/fpu: Supporting XSAVE feature 0x001: 'x87 floating point registers'
[    0.000000] x86/fpu: Supporting XSAVE feature 0x002: 'SSE registers'
[    0.000000] x86/fpu: Supporting XSAVE feature 0x004: 'AVX registers'
[    0.000000] x86/fpu: xstate_offset[2]:  576, xstate_sizes[2]:  256
[    0.000000] x86/fpu: Enabled xstate features 0x7, context size is 832 bytes, using 'standard' format.
[    0.000000] e820: BIOS-provided physical RAM map:
[    0.000000] BIOS-e820: [mem 0x0000000000000000-0x000000000009fbff] usable
[    0.000000] BIOS-e820: [mem 0x000000000009fc00-0x000000000009ffff] reserved
[    0.000000] BIOS-e820: [mem 0x00000000000f0000-0x00000000000fffff] reserved
[    0.000000] BIOS-e820: [mem 0x0000000000100000-0x00000000dffeffff] usable
[    0.000000] BIOS-e820: [mem 0x00000000dfff0000-0x00000000dfffffff] ACPI data
[    0.000000] BIOS-e820: [mem 0x00000000fec00000-0x00000000fec00fff] reserved
[    0.000000] BIOS-e820: [mem 0x00000000fee00000-0x00000000fee00fff] reserved
[    0.000000] BIOS-e820: [mem 0x00000000fffc0000-0x00000000ffffffff] reserved
[    0.000000] BIOS-e820: [mem 0x0000000100000000-0x000000021fffffff] usable
[    0.000000] NX (Execute Disable) protection: active
[    0.000000] SMBIOS 2.5 present.
[    0.000000] DMI: innotek GmbH VirtualBox/VirtualBox, BIOS VirtualBox 12/01/2006
[    0.000000] Hypervisor detected: KVM
[    0.000000] e820: last_pfn = 0x220000 max_arch_pfn = 0x400000000
[    0.000000] MTRR: Disabled
[    0.000000] x86/PAT: MTRRs disabled, skipping PAT initialization too.
[    0.000000] CPU MTRRs all blank - virtualized system.
[    0.000000] x86/PAT: Configuration [0-7]: WB  WT  UC- UC  WB  WT  UC- UC  
[    0.000000] e820: last_pfn = 0xdfff0 max_arch_pfn = 0x400000000
[    0.000000] found SMP MP-table at [mem 0x0009fff0-0x0009ffff]
[    0.000000] Scanning 1 areas for low memory corruption
[    0.000000] RAMDISK: [mem 0x359cd000-0x36cddfff]
[    0.000000] ACPI: Early table checksum verification disabled
[    0.000000] ACPI: RSDP 0x00000000000E0000 000024 (v02 VBOX  )
[    0.000000] ACPI: XSDT 0x00000000DFFF0030 00003C (v01 VBOX   VBOXXSDT 00000001 ASL  00000061)
[    0.000000] ACPI: FACP 0x00000000DFFF00F0 0000F4 (v04 VBOX   VBOXFACP 00000001 ASL  00000061)
[    0.000000] ACPI: DSDT 0x00000000DFFF0480 002325 (v02 VBOX   VBOXBIOS 00000002 INTL 20120111)
[    0.000000] ACPI: FACS 0x00000000DFFF0200 000040
[    0.000000] ACPI: FACS 0x00000000DFFF0200 000040
[    0.000000] ACPI: APIC 0x00000000DFFF0240 00006C (v02 VBOX   VBOXAPIC 00000001 ASL  00000061)
[    0.000000] ACPI: SSDT 0x00000000DFFF02B0 0001CC (v01 VBOX   VBOXCPUT 00000002 INTL 20120111)
[    0.000000] No NUMA configuration found
[    0.000000] Faking a node at [mem 0x0000000000000000-0x000000021fffffff]
[    0.000000] NODE_DATA(0) allocated [mem 0x21ffd1000-0x21fffbfff]
[    0.000000] kvm-clock: cpu 0, msr 2:1ff50001, primary cpu clock
[    0.000000] kvm-clock: Using msrs 4b564d01 and 4b564d00
[    0.000000] kvm-clock: using sched offset of 4247857944 cycles
[    0.000000] clocksource: kvm-clock: mask: 0xffffffffffffffff max_cycles: 0x1cd42e4dffb, max_idle_ns: 881590591483 ns
[    0.000000] Zone ranges:
[    0.000000]   DMA      [mem 0x0000000000001000-0x0000000000ffffff]
[    0.000000]   DMA32    [mem 0x0000000001000000-0x00000000ffffffff]
[    0.000000]   Normal   [mem 0x0000000100000000-0x000000021fffffff]
[    0.000000]   Device   empty
[    0.000000] Movable zone start for each node
[    0.000000] Early memory node ranges
[    0.000000]   node   0: [mem 0x0000000000001000-0x000000000009efff]
[    0.000000]   node   0: [mem 0x0000000000100000-0x00000000dffeffff]
[    0.000000]   node   0: [mem 0x0000000100000000-0x000000021fffffff]
[    0.000000] Reserved but unavailable: 98 pages
[    0.000000] Initmem setup node 0 [mem 0x0000000000001000-0x000000021fffffff]
[    0.000000] ACPI: PM-Timer IO Port: 0x4008
[    0.000000] IOAPIC[0]: apic_id 4, version 32, address 0xfec00000, GSI 0-23
[    0.000000] ACPI: INT_SRC_OVR (bus 0 bus_irq 0 global_irq 2 dfl dfl)
[    0.000000] ACPI: INT_SRC_OVR (bus 0 bus_irq 9 global_irq 9 low level)
[    0.000000] Using ACPI (MADT) for SMP configuration information
[    0.000000] smpboot: Allowing 4 CPUs, 0 hotplug CPUs
[    0.000000] PM: Registered nosave memory: [mem 0x00000000-0x00000fff]
[    0.000000] PM: Registered nosave memory: [mem 0x0009f000-0x0009ffff]
[    0.000000] PM: Registered nosave memory: [mem 0x000a0000-0x000effff]
[    0.000000] PM: Registered nosave memory: [mem 0x000f0000-0x000fffff]
[    0.000000] PM: Registered nosave memory: [mem 0xdfff0000-0xdfffffff]
[    0.000000] PM: Registered nosave memory: [mem 0xe0000000-0xfebfffff]
[    0.000000] PM: Registered nosave memory: [mem 0xfec00000-0xfec00fff]
[    0.000000] PM: Registered nosave memory: [mem 0xfec01000-0xfedfffff]
[    0.000000] PM: Registered nosave memory: [mem 0xfee00000-0xfee00fff]
[    0.000000] PM: Registered nosave memory: [mem 0xfee01000-0xfffbffff]
[    0.000000] PM: Registered nosave memory: [mem 0xfffc0000-0xffffffff]
[    0.000000] e820: [mem 0xe0000000-0xfebfffff] available for PCI devices
[    0.000000] Booting paravirtualized kernel on KVM
[    0.000000] clocksource: refined-jiffies: mask: 0xffffffff max_cycles: 0xffffffff, max_idle_ns: 7645519600211568 ns
[    0.000000] random: get_random_bytes called from start_kernel+0x99/0x500 with crng_init=0
[    0.000000] setup_percpu: NR_CPUS:8192 nr_cpumask_bits:4 nr_cpu_ids:4 nr_node_ids:1
[    0.000000] percpu: Embedded 45 pages/cpu s147456 r8192 d28672 u524288
[    0.000000] PV qspinlock hash table entries: 256 (order: 0, 4096 bytes)
[    0.000000] Built 1 zonelists, mobility grouping on.  Total pages: 2064249
[    0.000000] Policy zone: Normal
[    0.000000] Kernel command line: BOOT_IMAGE=/boot/vmlinuz-4.15.0-142-generic root=LABEL=cloudimg-rootfs ro console=tty1 console=ttyS0
[    0.000000] Memory: 8141732K/8388152K available (12300K kernel code, 2483K rwdata, 4316K rodata, 2444K init, 2724K bss, 246420K reserved, 0K cma-reserved)
[    0.000000] SLUB: HWalign=64, Order=0-3, MinObjects=0, CPUs=4, Nodes=1
[    0.000000] Kernel/User page tables isolation: enabled
[    0.000000] ftrace: allocating 39434 entries in 155 pages
[    0.004000] Hierarchical RCU implementation.
[    0.004000] 	RCU restricting CPUs from NR_CPUS=8192 to nr_cpu_ids=4.
[    0.004000] 	Tasks RCU enabled.
[    0.004000] RCU: Adjusting geometry for rcu_fanout_leaf=16, nr_cpu_ids=4
[    0.004000] NR_IRQS: 524544, nr_irqs: 456, preallocated irqs: 16
[    0.004000] Console: colour VGA+ 80x25
[    0.004000] console [tty1] enabled
[    0.004000] console [ttyS0] enabled
[    0.004000] ACPI: Core revision 20170831
[    0.004000] ACPI: 2 ACPI AML tables successfully acquired and loaded
[    0.004000] APIC: Switch to symmetric I/O mode setup
[    0.004000] x2apic enabled
[    0.004000] Switched APIC routing to physical x2apic.
[    0.004000] ..TIMER: vector=0x30 apic1=0 pin1=2 apic2=-1 pin2=-1
[    0.004005] tsc: Detected 2807.998 MHz processor
[    0.005054] Calibrating delay loop (skipped) preset value.. 5615.99 BogoMIPS (lpj=11231992)
[    0.008008] pid_max: default: 32768 minimum: 301
[    0.009154] Security Framework initialized
[    0.012007] Yama: becoming mindful.
[    0.012924] AppArmor: AppArmor initialized
[    0.024015] Dentry cache hash table entries: 1048576 (order: 11, 8388608 bytes)
[    0.030048] Inode-cache hash table entries: 524288 (order: 10, 4194304 bytes)
[    0.032034] Mount-cache hash table entries: 16384 (order: 5, 131072 bytes)
[    0.033432] Mountpoint-cache hash table entries: 16384 (order: 5, 131072 bytes)
[    0.035290] Last level iTLB entries: 4KB 64, 2MB 8, 4MB 8
[    0.036009] Last level dTLB entries: 4KB 64, 2MB 0, 4MB 0, 1GB 4
[    0.037930] Spectre V1 : Mitigation: usercopy/swapgs barriers and __user pointer sanitization
[    0.040007] Spectre V2 : Mitigation: Full generic retpoline
[    0.041783] Spectre V2 : Spectre v2 / SpectreRSB mitigation: Filling RSB on context switch
[    0.044007] Speculative Store Bypass: Vulnerable
[    0.045494] SRBDS: Unknown: Dependent on hypervisor status
[    0.048005] MDS: Mitigation: Clear CPU buffers
[    0.049205] Freeing SMP alternatives memory: 36K
[    0.162376] smpboot: CPU0: Intel(R) Core(TM) i7-7700HQ CPU @ 2.80GHz (family: 0x6, model: 0x9e, stepping: 0x9)
[    0.164000] Performance Events: unsupported p6 CPU model 158 no PMU driver, software events only.
[    0.164117] Hierarchical SRCU implementation.
[    0.169353] NMI watchdog: Perf event create on CPU 0 failed with -2
[    0.172004] NMI watchdog: Perf NMI watchdog permanently disabled
[    0.174172] smp: Bringing up secondary CPUs ...
[    0.176026] x86: Booting SMP configuration:
[    0.177211] .... node  #0, CPUs:      #1
[    0.004000] kvm-clock: cpu 1, msr 2:1ff50041, secondary cpu clock
[    0.182720]  #2
[    0.004000] kvm-clock: cpu 2, msr 2:1ff50081, secondary cpu clock
[    0.188221]  #3
[    0.004000] kvm-clock: cpu 3, msr 2:1ff500c1, secondary cpu clock
[    0.192023] smp: Brought up 1 node, 4 CPUs
[    0.193365] smpboot: Max logical packages: 1
[    0.196010] smpboot: Total of 4 processors activated (22463.98 BogoMIPS)
[    0.198026] devtmpfs: initialized
[    0.198026] x86/mm: Memory block size: 128MB
[    0.200620] evm: security.selinux
[    0.201480] evm: security.SMACK64
[    0.202621] evm: security.SMACK64EXEC
[    0.204009] evm: security.SMACK64TRANSMUTE
[    0.205362] evm: security.SMACK64MMAP
[    0.206384] evm: security.apparmor
[    0.207855] evm: security.ima
[    0.208006] evm: security.capability
[    0.209179] clocksource: jiffies: mask: 0xffffffff max_cycles: 0xffffffff, max_idle_ns: 7645041785100000 ns
[    0.212022] futex hash table entries: 1024 (order: 4, 65536 bytes)
[    0.216121] pinctrl core: initialized pinctrl subsystem
[    0.218322] RTC time: 14:14:10, date: 07/14/21
[    0.220319] NET: Registered protocol family 16
[    0.222657] audit: initializing netlink subsys (disabled)
[    0.224064] audit: type=2000 audit(1626272055.625:1): state=initialized audit_enabled=0 res=1
[    0.228011] cpuidle: using governor ladder
[    0.229365] cpuidle: using governor menu
[    0.231288] ACPI: bus type PCI registered
[    0.232019] acpiphp: ACPI Hot Plug PCI Controller Driver version: 0.5
[    0.238297] PCI: Using configuration type 1 for base access
[    0.241216] HugeTLB registered 2.00 MiB page size, pre-allocated 0 pages
[    0.244099] ACPI: Added _OSI(Module Device)
[    0.245433] ACPI: Added _OSI(Processor Device)
[    0.247319] ACPI: Added _OSI(3.0 _SCP Extensions)
[    0.248009] ACPI: Added _OSI(Processor Aggregator Device)
[    0.252017] ACPI: Added _OSI(Linux-Dell-Video)
[    0.253688] ACPI: Added _OSI(Linux-Lenovo-NV-HDMI-Audio)
[    0.255452] ACPI: Added _OSI(Linux-HPI-Hybrid-Graphics)
[    0.256621] ACPI: Executed 1 blocks of module-level executable AML code
[    0.264281] ACPI: Interpreter enabled
[    0.266482] ACPI: (supports S0 S5)
[    0.267687] ACPI: Using IOAPIC for interrupt routing
[    0.268507] PCI: Using host bridge windows from ACPI; if necessary, use "pci=nocrs" and report a bug
[    0.272726] ACPI: Enabled 2 GPEs in block 00 to 07
[    0.288209] ACPI: PCI Root Bridge [PCI0] (domain 0000 [bus 00-ff])
[    0.290112] acpi PNP0A03:00: _OSC: OS supports [ASPM ClockPM Segments MSI]
[    0.292422] acpi PNP0A03:00: _OSC: not requesting OS control; OS requires [ExtendedConfig ASPM ClockPM MSI]
[    0.294906] acpi PNP0A03:00: fail to add MMCONFIG information, can't access extended PCI configuration space under this bridge.
[    0.300483] PCI host bridge to bus 0000:00
[    0.302119] pci_bus 0000:00: root bus resource [io  0x0000-0x0cf7 window]
[    0.304010] pci_bus 0000:00: root bus resource [io  0x0d00-0xffff window]
[    0.305838] pci_bus 0000:00: root bus resource [mem 0x000a0000-0x000bffff window]
[    0.308009] pci_bus 0000:00: root bus resource [mem 0xe0000000-0xfdffffff window]
[    0.309974] pci_bus 0000:00: root bus resource [bus 00-ff]
[    0.315336] pci 0000:00:01.1: legacy IDE quirk: reg 0x10: [io  0x01f0-0x01f7]
[    0.316009] pci 0000:00:01.1: legacy IDE quirk: reg 0x14: [io  0x03f6]
[    0.320008] pci 0000:00:01.1: legacy IDE quirk: reg 0x18: [io  0x0170-0x0177]
[    0.324004] pci 0000:00:01.1: legacy IDE quirk: reg 0x1c: [io  0x0376]
[    0.423011] pci 0000:00:07.0: quirk: [io  0x4000-0x403f] claimed by PIIX4 ACPI
[    0.424041] pci 0000:00:07.0: quirk: [io  0x4100-0x410f] claimed by PIIX4 SMB
[    0.490214] ACPI: PCI Interrupt Link [LNKA] (IRQs 5 9 10 *11)
[    0.492251] ACPI: PCI Interrupt Link [LNKB] (IRQs 5 9 *10 11)
[    0.495255] ACPI: PCI Interrupt Link [LNKC] (IRQs 5 *9 10 11)
[    0.496172] ACPI: PCI Interrupt Link [LNKD] (IRQs 5 9 10 *11)
[    0.500531] SCSI subsystem initialized
[    0.502649] pci 0000:00:02.0: vgaarb: setting as boot VGA device
[    0.502649] pci 0000:00:02.0: vgaarb: VGA device added: decodes=io+mem,owns=io+mem,locks=none
[    0.504008] pci 0000:00:02.0: vgaarb: bridge control possible
[    0.508008] vgaarb: loaded
[    0.509078] ACPI: bus type USB registered
[    0.510270] usbcore: registered new interface driver usbfs
[    0.512021] usbcore: registered new interface driver hub
[    0.513582] usbcore: registered new device driver usb
[    0.516101] EDAC MC: Ver: 3.0.0
[    0.517771] PCI: Using ACPI for IRQ routing
[    0.520912] NetLabel: Initializing
[    0.522233] NetLabel:  domain hash size = 128
[    0.524003] NetLabel:  protocols = UNLABELED CIPSOv4 CALIPSO
[    0.526219] NetLabel:  unlabeled traffic allowed by default
[    0.528183] clocksource: Switched to clocksource kvm-clock
[    0.547036] VFS: Disk quotas dquot_6.6.0
[    0.548747] VFS: Dquot-cache hash table entries: 512 (order 0, 4096 bytes)
[    0.551422] AppArmor: AppArmor Filesystem Enabled
[    0.554347] pnp: PnP ACPI init
[    0.556638] pnp: PnP ACPI: found 3 devices
[    0.568109] clocksource: acpi_pm: mask: 0xffffff max_cycles: 0xffffff, max_idle_ns: 2085701024 ns
[    0.571382] NET: Registered protocol family 2
[    0.573008] TCP established hash table entries: 65536 (order: 7, 524288 bytes)
[    0.578448] TCP bind hash table entries: 65536 (order: 8, 1048576 bytes)
[    0.581488] TCP: Hash tables configured (established 65536 bind 65536)
[    0.584348] UDP hash table entries: 4096 (order: 5, 131072 bytes)
[    0.586672] UDP-Lite hash table entries: 4096 (order: 5, 131072 bytes)
[    0.589011] NET: Registered protocol family 1
[    0.590629] pci 0000:00:00.0: Limiting direct PCI/PCI transfers
[    0.592753] pci 0000:00:01.0: Activating ISA DMA hang workarounds
[    0.594290] pci 0000:00:02.0: Video device with shadowed ROM at [mem 0x000c0000-0x000dffff]
[    0.597441] Unpacking initramfs...
[    0.978803] Freeing initrd memory: 19524K
[    0.980055] PCI-DMA: Using software bounce buffering for IO (SWIOTLB)
[    0.983019] software IO TLB: mapped [mem 0xdbff0000-0xdfff0000] (64MB)
[    0.986082] clocksource: tsc: mask: 0xffffffffffffffff max_cycles: 0x2879c456dd4, max_idle_ns: 440795285767 ns
[    0.990971] platform rtc_cmos: registered platform RTC device (no PNP device found)
[    0.993733] Scanning for low memory corruption every 60 seconds
[    0.997446] Initialise system trusted keyrings
[    0.999418] Key type blacklist registered
[    1.000916] workingset: timestamp_bits=36 max_order=21 bucket_order=0
[    1.004617] zbud: loaded
[    1.006277] squashfs: version 4.0 (2009/01/31) Phillip Lougher
[    1.008656] fuse init (API version 7.26)
[    1.020223] Key type asymmetric registered
[    1.021604] Asymmetric key parser 'x509' registered
[    1.023132] Block layer SCSI generic (bsg) driver version 0.4 loaded (major 246)
[    1.025356] io scheduler noop registered
[    1.027273] io scheduler deadline registered
[    1.028988] io scheduler cfq registered (default)
[    1.031743] ACPI: AC Adapter [AC] (on-line)
[    1.033847] input: Power Button as /devices/LNXSYSTM:00/LNXPWRBN:00/input/input0
[    1.037546] ACPI: Power Button [PWRF]
[    1.039152] input: Sleep Button as /devices/LNXSYSTM:00/LNXSLPBN:00/input/input1
[    1.042278] ACPI: Sleep Button [SLPF]
[    1.048586] Serial: 8250/16550 driver, 32 ports, IRQ sharing enabled
[    1.049313] ACPI: Battery Slot [BAT0] (battery present)
[    1.075690] 00:02: ttyS0 at I/O 0x3f8 (irq = 4, base_baud = 115200) is a 16550A
[    1.084104] Linux agpgart interface v0.103
[    1.089917] loop: module loaded
[    1.091573] scsi host0: ata_piix
[    1.093468] scsi host1: ata_piix
[    1.094843] ata1: PATA max UDMA/33 cmd 0x1f0 ctl 0x3f6 bmdma 0xd000 irq 14
[    1.096941] ata2: PATA max UDMA/33 cmd 0x170 ctl 0x376 bmdma 0xd008 irq 15
[    1.099477] libphy: Fixed MDIO Bus: probed
[    1.101075] tun: Universal TUN/TAP device driver, 1.6
[    1.102698] PPP generic driver version 2.4.2
[    1.104205] ehci_hcd: USB 2.0 'Enhanced' Host Controller (EHCI) Driver
[    1.106276] ehci-pci: EHCI PCI platform driver
[    1.107935] ehci-platform: EHCI generic platform driver
[    1.110390] ohci_hcd: USB 1.1 'Open' Host Controller (OHCI) Driver
[    1.111774] ohci-pci: OHCI PCI platform driver
[    1.112844] ohci-platform: OHCI generic platform driver
[    1.114459] uhci_hcd: USB Universal Host Controller Interface driver
[    1.117416] i8042: PNP: PS/2 Controller [PNP0303:PS2K,PNP0f03:PS2M] at 0x60,0x64 irq 1,12
[    1.120970] serio: i8042 KBD port at 0x60,0x64 irq 1
[    1.123057] serio: i8042 AUX port at 0x60,0x64 irq 12
[    1.125605] mousedev: PS/2 mouse device common for all mice
[    1.128702] input: AT Translated Set 2 keyboard as /devices/platform/i8042/serio0/input/input2
[    1.131787] rtc_cmos rtc_cmos: rtc core: registered rtc_cmos as rtc0
[    1.134593] rtc_cmos rtc_cmos: alarms up to one day, 114 bytes nvram
[    1.136785] i2c /dev entries driver
[    1.137953] device-mapper: uevent: version 1.0.3
[    1.139340] device-mapper: ioctl: 4.37.0-ioctl (2017-09-20) initialised: dm-devel@redhat.com
[    1.142601] ledtrig-cpu: registered to indicate activity on CPUs
[    1.144992] NET: Registered protocol family 10
[    1.151100] Segment Routing with IPv6
[    1.153654] NET: Registered protocol family 17
[    1.155224] Key type dns_resolver registered
[    1.156987] mce: Using 0 MCE banks
[    1.158604] RAS: Correctable Errors collector initialized.
[    1.160452] sched_clock: Marking stable (1160414719, 0)->(1702601276, -542186557)
[    1.163087] registered taskstats version 1
[    1.164489] Loading compiled-in X.509 certificates
[    1.169535] Loaded X.509 cert 'Build time autogenerated kernel key: 028139f94c642d40642d50ab098c4e7b0aebaa81'
[    1.173505] Loaded X.509 cert 'Canonical Ltd. Live Patch Signing: 14df34d1a87cf37625abec039ef2bf521249b969'
[    1.177057] Loaded X.509 cert 'Canonical Ltd. Kernel Module Signing: 88f752e560a1e0737e31163a466ad7b70a850c19'
[    1.179472] zswap: loaded using pool lzo/zbud
[    1.185855] Key type big_key registered
[    1.187541] Key type trusted registered
[    1.192177] Key type encrypted registered
[    1.193434] AppArmor: AppArmor sha1 policy hashing enabled
[    1.194827] ima: No TPM chip found, activating TPM-bypass! (rc=-19)
[    1.196270] ima: Allocated hash algorithm: sha1
[    1.198506] evm: HMAC attrs: 0x1
[    1.200815]   Magic number: 13:709:232
[    1.202848] rtc_cmos rtc_cmos: setting system clock to 2021-07-14 14:14:11 UTC (1626272051)
[    1.207842] BIOS EDD facility v0.16 2004-Jun-25, 0 devices found
[    1.209994] EDD information not available.
[    1.285820] Freeing unused kernel image memory: 2444K
[    1.296249] Write protecting the kernel read-only data: 20480k
[    1.299398] Freeing unused kernel image memory: 2008K
[    1.302087] Freeing unused kernel image memory: 1828K
[    1.310323] x86/mm: Checked W+X mappings: passed, no W+X pages found.
[    1.311883] x86/mm: Checking user space page tables
[    1.320394] x86/mm: Checked W+X mappings: passed, no W+X pages found.
Loading, please wait...
starting version 237
[    1.403984] e1000: Intel(R) PRO/1000 Network Driver - version 7.3.21-k8-NAPI
[    1.406307] e1000: Copyright (c) 1999-2006 Intel Corporation.
[    1.413317] Fusion MPT base driver 3.04.20
[    1.417855] Copyright (c) 1999-2008 LSI Corporation
[    1.425481] Fusion MPT SPI Host driver 3.04.20
[    1.436166] AVX2 version of gcm_enc/dec engaged.
[    1.439878] AES CTR mode by8 optimization enabled
[    1.625661] input: ImExPS/2 Generic Explorer Mouse as /devices/platform/i8042/serio1/input/input4
[    2.470193] e1000 0000:00:03.0 eth0: (PCI:33MHz:32-bit) 02:d3:71:11:39:e1
[    2.472224] e1000 0000:00:03.0 eth0: Intel(R) PRO/1000 Network Connection
[    2.475146] mptbase: ioc0: Initiating bringup
[    3.457186] ioc0: LSI53C1030 A0: Capabilities={Initiator}
[    5.602219] scsi host2: ioc0: LSI53C1030 A0, FwRev=00000000h, Ports=1, MaxQ=256, IRQ=20
[    7.045729] scsi 2:0:0:0: Direct-Access     VBOX     HARDDISK         1.0  PQ: 0 ANSI: 5
[    7.084135] scsi target2:0:0: Beginning Domain Validation
[    7.087604] scsi target2:0:0: Domain Validation skipping write tests
[    7.089314] scsi target2:0:0: Ending Domain Validation
[    7.090920] scsi target2:0:0: asynchronous
[    7.092604] scsi 2:0:1:0: Direct-Access     VBOX     HARDDISK         1.0  PQ: 0 ANSI: 5
[    7.432336] scsi target2:0:1: Beginning Domain Validation
[    7.437131] random: fast init done
[    7.439263] scsi target2:0:1: Domain Validation skipping write tests
[    7.441198] scsi target2:0:1: Ending Domain Validation
[    7.442711] scsi target2:0:1: asynchronous
[    7.447700] random: systemd-udevd: uninitialized urandom read (16 bytes read)
[    7.447932] sd 2:0:0:0: [sda] 83886080 512-byte logical blocks: (42.9 GB/40.0 GiB)
[    7.449563] random: systemd-udevd: uninitialized urandom read (16 bytes read)
[    7.451923] sd 2:0:0:0: [sda] Write Protect is off
[    7.453981] random: systemd-udevd: uninitialized urandom read (16 bytes read)
[    7.459011] sd 2:0:0:0: Attached scsi generic sg0 type 0
[    7.461432] sd 2:0:0:0: [sda] Incomplete mode parameter data
[    7.463828] sd 2:0:0:0: [sda] Assuming drive cache: write through
[    7.466651] sd 2:0:1:0: [sdb] 20480 512-byte logical blocks: (10.5 MB/10.0 MiB)
[    7.469880] sd 2:0:1:0: [sdb] Write Protect is off
[    7.472097] sd 2:0:1:0: Attached scsi generic sg1 type 0
[    7.472647] sd 2:0:1:0: [sdb] Incomplete mode parameter data
[    7.475689] sd 2:0:1:0: [sdb] Assuming drive cache: write through
[    7.476757] e1000 0000:00:08.0 eth1: (PCI:33MHz:32-bit) 08:00:27:e4:06:0c
[    7.478934]  sda: sda1
[    7.479576] e1000 0000:00:08.0 eth1: Intel(R) PRO/1000 Network Connection
[    7.480587] sd 2:0:1:0: [sdb] Attached SCSI disk
[    7.482251] sd 2:0:0:0: [sda] Attached SCSI disk
[    7.486993] e1000 0000:00:03.0 enp0s3: renamed from eth0
[    7.508793] e1000 0000:00:08.0 enp0s8: renamed from eth1
Begin: Loading essential drivers ... [   10.612114] raid6: sse2x1   gen()  9872 MB/s
[   10.660140] raid6: sse2x1   xor()  6284 MB/s
[   10.708160] raid6: sse2x2   gen() 10336 MB/s
[   10.756148] raid6: sse2x2   xor()  8218 MB/s
[   10.804118] raid6: sse2x4   gen() 12972 MB/s
[   10.852153] raid6: sse2x4   xor()  7930 MB/s
[   10.900153] raid6: avx2x1   gen() 15611 MB/s
[   10.948224] raid6: avx2x1   xor() 13600 MB/s
[   10.996217] raid6: avx2x2   gen() 19753 MB/s
[   11.044145] raid6: avx2x2   xor()  8231 MB/s
[   11.092440] raid6: avx2x4   gen() 18592 MB/s
[   11.140307] raid6: avx2x4   xor() 11851 MB/s
[   11.142521] raid6: using algorithm avx2x2 gen() 19753 MB/s
[   11.145029] raid6: .... xor() 8231 MB/s, rmw enabled
[   11.146329] raid6: using avx2x2 recovery algorithm
[   11.151245] xor: automatically using best checksumming function   avx       
[   11.156332] async_tx: api initialized (async)
done.
Begin: Running /scripts/init-premount ... done.
Begin: Mounting root file system ... Begin: Running /scripts/local-top ... done.
Begin: Running /scripts/local-premount ... [   11.245994] Btrfs loaded, crc32c=crc32c-intel
Scanning for Btrfs filesystems
done.
Warning: fsck not present, so skipping root file system
[   11.307247] EXT4-fs (sda1): mounted filesystem with ordered data mode. Opts: (null)
done.
Begin: Running /scripts/local-bottom ... done.
Begin: Running /scripts/init-bottom ... done.
[   11.510520] ip_tables: (C) 2000-2006 Netfilter Core Team
[   11.520887] systemd[1]: systemd 237 running in system mode. (+PAM +AUDIT +SELINUX +IMA +APPARMOR +SMACK +SYSVINIT +UTMP +LIBCRYPTSETUP +GCRYPT +GNUTLS +ACL +XZ +LZ4 +SECCOMP +BLKID +ELFUTILS +KMOD -IDN2 +IDN -PCRE2 default-hierarchy=hybrid)
[   11.526080] systemd[1]: Detected virtualization oracle.
[   11.528394] systemd[1]: Detected architecture x86-64.

Welcome to [1mUbuntu 18.04.5 LTS[0m!

[   11.543748] systemd[1]: Set hostname to <ubuntu>.
[   11.550331] systemd[1]: Initializing machine ID from random generator.
[   11.553180] systemd[1]: Installed transient /etc/machine-id file.
[   11.855621] systemd[1]: Reached target User and Group Name Lookups.
[[0;32m  OK  [0m] Reached target User and Group Name Lookups.
[   11.858709] systemd[1]: Reached target Swap.
[[0;32m  OK  [0m] Reached target Swap.
[   11.865971] systemd[1]: Created slice System Slice.
[[0;32m  OK  [0m] Created slice System Slice.
[   11.880510] systemd[1]: Listening on Journal Socket (/dev/log).
[[0;32m  OK  [0m] Listening on Journal Socket (/dev/log).
[[0;32m  OK  [0m] Listening on LVM2 poll daemon socket.
[[0;32m  OK  [0m] Created slice system-serial\x2dgetty.slice.
[[0;32m  OK  [0m] Listening on udev Control Socket.
[[0;32m  OK  [0m] Started Forward Password Requests to Wall Directory Watch.
[[0;32m  OK  [0m] Listening on Device-mapper event daemon FIFOs.
[[0;32m  OK  [0m] Set up automount Arbitrary Executab…rmats File System Automount Point.
[[0;32m  OK  [0m] Listening on LVM2 metadata daemon socket.
[[0;32m  OK  [0m] Created slice User and Session Slice.
[[0;32m  OK  [0m] Reached target Slices.
[[0;32m  OK  [0m] Listening on Journal Socket.
         Mounting Kernel Debug File System...
         Starting Monitoring of LVM2 mirrors…ng dmeventd or progress polling...
         Starting Uncomplicated firewall...
         Starting Create list of required st…ce nodes for the current kernel...
         Mounting Huge Pages File System...
[[0;32m  OK  [0m] Listening on Journal Audit Socket.
[[0;32m  OK  [0m] Listening on Network Service Netlink Socket.
[[0;32m  OK  [0m] Listening on Syslog Socket.
         Starting Journal Service...
         Mounting POSIX Message Queue File System...
         Starting Set the console keyboard layout...
         Starting Load Kernel Modules...
[[0;32m  OK  [0m] Reached target System Time Synchronized.
[[0;32m  OK  [0m] Listening on /dev/initctl Compatibility Named Pipe.
[[0;32m  OK  [0m] Listening on fsck to fsckd communication Socket.
         Starting File System Check on Root Device...
[[0;32m  OK  [0m] Listening on udev Kernel Socket.
         Starting udev Coldplug all Devices...
[[0;32m  OK  [0m] Mounted Kernel Debug File System.
[[0;32m  OK  [0m] Started Uncomplicated firewall.
[[0;32m  OK  [0m] Started Create list of required sta…vice nodes for the current kernel.
[[0;32m  OK  [0m] Mounted Huge Pages File System.
[[0;32m  OK  [0m] Mounted POSIX Message Queue File System.
[   12.075021] Loading iSCSI transport class v2.0-870.
[[0;32m  OK  [0m] Started LVM2 metadata daemon.
[   12.084531] iscsi: registered transport (tcp)
         Starting Create Static Device Nodes in /dev...
[[0;32m  OK  [0m] Started Journal Service.
[[0;32m  OK  [0m] Started File System Check Daemon to report status.
[[0;32m  OK  [0m] Started Create Static Device Nodes in /dev.
[[0;32m  OK  [0m] Started File System Check on Root Device.
         Starting Remount Root and Kernel File Systems...
[   12.184963] iscsi: registered transport (iser)
[[0;32m  OK  [0m] Started Load Kernel Modules.
[[0;32m  OK  [0m] Started udev Coldplug all Devices.
         Mounting Kernel Configuration File System...
         Mounting FUSE Control File System...
         Starting Apply Kernel Variables...
[[0;32m  OK  [0m] Mounted Kernel Configuration File System.
[[0;32m  OK  [0m] Mounted FUSE Control File System.
[[0;32m  OK  [0m] Started Monitoring of LVM2 mirrors,…sing dmeventd or progress polling.
[[0;32m  OK  [0m] Started Remount Root and Kernel File Systems.
[[0;32m  OK  [0m] Started Apply Kernel Variables.
         Starting Load/Save Random Seed...
         Starting udev Kernel Device Manager...
         Starting Flush Journal to Persistent Storage...
[[0;32m  OK  [0m] Started Load/Save Random Seed.
[[0;32m  OK  [0m] Started Set the console keyboard layout.
[[0;32m  OK  [0m] Reached target Local File Systems (Pre).
[[0;32m  OK  [0m] Reached target Local File Systems.
         Starting Commit a transient machine-id on disk...
         Starting Tell Plymouth To Write Out Runtime Data...
         Starting AppArmor initialization...
         Starting Set console font and keymap...
         Starting ebtables ruleset management...
[[0;32m  OK  [0m] Started Tell Plymouth To Write Out Runtime Data.
[[0;32m  OK  [0m] Started Set console font and keymap.
[[0;32m  OK  [0m] Started udev Kernel Device Manager.
[[0;32m  OK  [0m] Started Dispatch Password Requests to Console Directory Watch.
[[0;32m  OK  [0m] Reached target Local Encrypted Volumes.
[[0;32m  OK  [0m] Started Flush Journal to Persistent Storage.
[[0;32m  OK  [0m] Started Commit a transient machine-id on disk.
         Starting Create Volatile Files and Directories...
[[0;32m  OK  [0m] Started Create Volatile Files and Directories.
         Starting Update UTMP about System Boot/Shutdown...
[[0;32m  OK  [0m] Started ebtables ruleset management.
[[0;32m  OK  [0m] Started Update UTMP about System Boot/Shutdown.
[[0;32m  OK  [0m] Found device /dev/ttyS0.
[[0;32m  OK  [0m] Listening on Load/Save RF Kill Switch Status /dev/rfkill Watch.
[[0;32m  OK  [0m] Started AppArmor initialization.
         Starting Initial cloud-init job (pre-networking)...
         Starting Load AppArmor profiles managed internally by snapd...
[[0;32m  OK  [0m] Started Load AppArmor profiles managed internally by snapd.
[   15.184536] cloud-init[608]: Cloud-init v. 21.1-19-gbad84ad4-0ubuntu1~18.04.2 running 'init-local' at Wed, 14 Jul 2021 14:14:24 +0000. Up 14.68 seconds.
[[0;32m  OK  [0m] Started Initial cloud-init job (pre-networking).
[[0;32m  OK  [0m] Reached target Network (Pre).
         Starting Network Service...
[[0;32m  OK  [0m] Started Network Service.
         Starting Network Name Resolution...
         Starting Wait for Network to be Configured...
[[0;32m  OK  [0m] Started Network Name Resolution.
[[0;32m  OK  [0m] Reached target Host and Network Name Lookups.
[[0;32m  OK  [0m] Reached target Network.
[[0;32m  OK  [0m] Started Wait for Network to be Configured.
         Starting Initial cloud-init job (metadata service crawler)...
[   17.922429] cloud-init[737]: Cloud-init v. 21.1-19-gbad84ad4-0ubuntu1~18.04.2 running 'init' at Wed, 14 Jul 2021 14:14:28 +0000. Up 17.72 seconds.
[   17.925782] cloud-init[737]: ci-info: ++++++++++++++++++++++++++++++++++++++Net device info+++++++++++++++++++++++++++++++++++++++
[   17.940573] cloud-init[737]: ci-info: +--------+-------+----------------------------+---------------+--------+-------------------+
[   17.943903] cloud-init[737]: ci-info: | Device |   Up  |          Address           |      Mask     | Scope  |     Hw-Address    |
[   17.948013] cloud-init[737]: ci-info: +--------+-------+----------------------------+---------------+--------+-------------------+
[   17.960329] cloud-init[737]: ci-info: | enp0s3 |  True |         10.0.2.15          | 255.255.255.0 | global | 02:d3:71:11:39:e1 |
[   17.962941] cloud-init[737]: ci-info: | enp0s3 |  True | fe80::d3:71ff:fe11:39e1/64 |       .       |  link  | 02:d3:71:11:39:e1 |
[   17.965734] cloud-init[737]: ci-info: | enp0s8 | False |             .              |       .       |   .    | 08:00:27:e4:06:0c |
[   17.969033] cloud-init[737]: ci-info: |   lo   |  True |         127.0.0.1          |   255.0.0.0   |  host  |         .         |
[   17.972404] cloud-init[737]: ci-info: |   lo   |  True |          ::1/128           |       .       |  host  |         .         |
[   17.975752] cloud-init[737]: ci-info: +--------+-------+----------------------------+---------------+--------+-------------------+
[   17.977935] cloud-init[737]: ci-info: ++++++++++++++++++++++++++++Route IPv4 info+++++++++++++++++++++++++++++
[   17.979001] cloud-init[737]: ci-info: +-------+-------------+----------+-----------------+-----------+-------+
[   17.980181] cloud-init[737]: ci-info: | Route | Destination | Gateway  |     Genmask     | Interface | Flags |
[   17.982725] cloud-init[737]: ci-info: +-------+-------------+----------+-----------------+-----------+-------+
[   17.985350] cloud-init[737]: ci-info: |   0   |   0.0.0.0   | 10.0.2.2 |     0.0.0.0     |   enp0s3  |   UG  |
[   17.996309] cloud-init[737]: ci-info: |   1   |   10.0.2.0  | 0.0.0.0  |  255.255.255.0  |   enp0s3  |   U   |
[   17.998232] cloud-init[737]: ci-info: |   2   |   10.0.2.2  | 0.0.0.0  | 255.255.255.255 |   enp0s3  |   UH  |
[   18.008568] cloud-init[737]: ci-info: +-------+-------------+----------+-----------------+-----------+-------+
[   18.011711] cloud-init[737]: ci-info: +++++++++++++++++++Route IPv6 info+++++++++++++++++++
[   18.014094] cloud-init[737]: ci-info: +-------+-------------+---------+-----------+-------+
[   18.017303] cloud-init[737]: ci-info: | Route | Destination | Gateway | Interface | Flags |
[   18.019606] cloud-init[737]: ci-info: +-------+-------------+---------+-----------+-------+
[   18.022013] cloud-init[737]: ci-info: |   1   |  fe80::/64  |    ::   |   enp0s3  |   U   |
[   18.036659] cloud-init[737]: ci-info: |   3   |    local    |    ::   |   enp0s3  |   U   |
[   18.048697] cloud-init[737]: ci-info: |   4   |   ff00::/8  |    ::   |   enp0s3  |   U   |
[   18.051414] cloud-init[737]: ci-info: +-------+-------------+---------+-----------+-------+
[   19.808775] cloud-init[737]: Generating public/private rsa key pair.
[   19.810911] cloud-init[737]: Your identification has been saved in /etc/ssh/ssh_host_rsa_key.
[   19.812958] cloud-init[737]: Your public key has been saved in /etc/ssh/ssh_host_rsa_key.pub.
[   19.824373] cloud-init[737]: The key fingerprint is:
[   19.826238] cloud-init[737]: SHA256:Y2aCOEGqQRxAA8t/K50MNRJnjGxV5s/0hCx8cJCkc0I root@ubuntu-bionic
[   19.829360] cloud-init[737]: The key's randomart image is:
[   19.840532] cloud-init[737]: +---[RSA 2048]----+
[   19.843256] cloud-init[737]: |B=+.+Eo*o.       |
[   19.844803] cloud-init[737]: |o=.+=.=.+ .      |
[   19.846287] cloud-init[737]: |+.o. * = = .     |
[   19.848228] cloud-init[737]: |...oo.= * o      |
[   19.850442] cloud-init[737]: |. oo... So .     |
[   19.861084] cloud-init[737]: |   .= o= .       |
[   19.876349] cloud-init[737]: |   . =           |
[   19.878059] cloud-init[737]: |    .            |
[   19.888501] cloud-init[737]: |                 |
[   19.890599] cloud-init[737]: +----[SHA256]-----+
[   19.892449] cloud-init[737]: Generating public/private dsa key pair.
[   19.894819] cloud-init[737]: Your identification has been saved in /etc/ssh/ssh_host_dsa_key.
[   19.898341] cloud-init[737]: Your public key has been saved in /etc/ssh/ssh_host_dsa_key.pub.
[   19.902782] cloud-init[737]: The key fingerprint is:
[   19.905216] cloud-init[737]: SHA256:nZ0pdrBx6lLjMwSPWJXRy5NmYnqis/dpmi2uA3dc8wI root@ubuntu-bionic
[[0;32m  OK  [0m] Started Initial cloud-init job (metadata service crawler).
[   19.924559] cloud-init[737]: The key's randomart image is:
[[0;32m  OK  [0m] Reached target Network is Online.
[   19.930460] cloud-init[737]: +---[DSA 1024]----+
[   19.948714] cloud-init[737]: |          o+     |
[   19.950764] cloud-init[737]: |         .. .    |
         Starting Availability of block devices...
[[0;32m  OK  [0m] [   19.953510] Reached target Remote File Systems (Pre).cloud-init
[737]: |        o o..o   |
[[0;32m  OK  [0m] Reached target Remote File Systems.
[   19.972804] cloud-init[737]: |       oE==OBo   |
[[0;32m  OK  [0m] Reached target System Initialization.
[   19.977992] cloud-init[737]: |      ..S=%*=.   |
[[0;32m  OK  [0m] Listening on UUID daemon activation socket.
[   19.981566] cloud-init[737]: |    . . =*o+.    |
[[0;32m  OK  [0m] Started Daily Cleanup of Temporary Directories.
[   19.986093] cloud-init[737]: |     o o.o=.     |
[[0;32m  OK  [0m] Listening on ACPID Listen Socket.
[   19.990895] cloud-init[737]: |      + o+.+     |
[[0;32m  OK  [0m] Started Daily apt download activities.
[   20.026408] cloud-init[737]: |      oB+=+      |
[   20.029329] cloud-init[737]: +----[SHA256]-----+
[   20.030469] cloud-init[737]: Generating public/private ecdsa key pair.
         [   20.033936] Starting LXD - unix socket.cloud-init
[737]: Your identification has been saved in /etc/ssh/ssh_host_ecdsa_key.
[   20.039328] cloud-init[737]: Your public key has been saved in /etc/ssh/ssh_host_ecdsa_key.pub.
         Starting Socket activation for snappy daemon.
[   20.043910] cloud-init[737]: The key fingerprint is:
[[0;32m  OK  [0m] Started ACPI Events Check.
[   20.059181] cloud-init[737]: SHA256:zvZT/HFFYB4T+oGm0RLsp//xgnJG6kj8gtV2WVLYv4w root@ubuntu-bionic
[[0;32m  OK  [0m] Listening on D-Bus System Message Bus Socket.
[   20.063059] cloud-init[737]: The key's randomart image is:
[[0;32m  OK  [0m] Started Message of the Day.
[   20.066924] cloud-init[737]: +---[ECDSA 256]---+
[[0;32m  OK  [0m] Started Discard unused blocks once a week.[   20.084622] 
cloud-init[737]: |         ..  o*o |
[[0;32m  OK  [0m] Started Daily apt upgrade and clean activities.
[   20.088322] cloud-init[737]: |          .o.=oo.|
[[0;32m  OK  [0m] Reached target Timers.
[[0;32m  OK  [0m] Reached target Paths.
[   20.091019] cloud-init[737]: |         .o =.oo |
[[0;32m  OK  [0m] Listening on Open-iSCSI iscsid Socket.
[[   20.095423] [0;32m  OK  [0mcloud-init] [737]: Reached target Cloud-config availability.|          .=o...o|

[   20.193118] [cloud-init[0;32m  OK  [0m] Started Availability of block devices.[737]: 
|        S..+ ++ o|
[[0;32m  OK  [0m] Listening on LXD - unix socket.
[   20.204734] cloud-init[737]: |       +. + *E.o.|
[[0;32m  OK  [0m] Listening on Socket activation for snappy daemon.
[   20.207516] cloud-init[737]: |       o*. * o.o |
[[0;32m  OK  [0m] Reached target Sockets.
[   20.210930] cloud-init[737]: |      .o.++ = oo |
[[0;32m  OK  [0m] Reached target Basic System.
[   20.212663] cloud-init[737]: |        .o+= ....|
[   20.219255] cloud-init[737]: +----[SHA256]-----+
[[0;32m  OK  [0m] Started irqbalance daemon.
[   20.236640] cloud-init[737]: Generating public/private ed25519 key pair.
         Starting Virtualbox guest utils...
[   20.241775] cloud-init[737]: Your identification has been saved in /etc/ssh/ssh_host_ed25519_key.
         Starting System Logging Service...
[   20.264655] cloud-init[737]: Your public key has been saved in /etc/ssh/ssh_host_ed25519_key.pub.
[   20.270439] cloud-init[737]: The key fingerprint is:
[   20.272922] cloud-init[737]: SHA256:nvr4lOeUjQ3He6lxZM71dosW+VSv1GMJ84nnxvozr1A root@ubuntu-bionic
[   20.275684] cloud-init[737]: The key's randomart image is:
[   20.288391] cloud-init[737]: +--[ED25519 256]--+
[   20.290373] cloud-init[737]: |                 |
[[   20.304318] [0;32m  OK  [0mcloud-init] Started Regular background program processing daemon.
[737]: |                 |
         Starting LXD - container startup/shutdown...
[   20.310901] cloud-init[737]: |                 |
[   20.315733] cloud-init[737]: |           . o  .|
[   20.318245] cloud-init[737]: |        S . o E.*|
[   20.320965] cloud-init[737]: |       . o B @.@+|
[   20.323402] cloud-init[737]: |        = = *.#.=|
[   20.325397] cloud-init[737]: |       + +   BoOo|
[   20.329788] cloud-init[737]: |      ooo . oo=+=|
[   20.331448] cloud-init[737]: +----[SHA256]-----+
         Starting Pollinate to seed the pseudo random number generator...
[[0;32m  OK  [0m] Started FUSE filesystem for LXC.
         Starting Login Service...
         Starting Snap Daemon...
         Starting Accounts Service...
         Starting Permit User Sessions...
[[0;32m  OK  [0m] Started Deferred execution scheduler.
         Starting LSB: automatic crash report generation...
         Starting Dispatcher daemon for systemd-networkd...
         Starting LSB: Record successful boot for GRUB...
[[0;32m  OK  [0m] Started D-Bus System Message Bus.
[[0;32m  OK  [0m] Started Login Service.
[[0;32m  OK  [0m] Started Unattended Upgrades Shutdown.
[[0;32m  OK  [0m] Started System Logging Service.
[[0;32m  OK  [0m] Started Permit User Sessions.
         Starting Hold until boot process finishes up...
         Starting Terminate Plymouth Boot Screen...
[[0;32m  OK  [0m] Started Hold until boot process finishes up.
         Starting Set console scheme...
[[0;32m  OK  [0m] Started Serial Getty on ttyS0.
[[0;32m  OK  [0m] Started Terminate Plymouth Boot Screen.
[[0;32m  OK  [0m] Started LXD - container startup/shutdown.
[[0;32m  OK  [0m] Started Set console scheme.
[[0;32m  OK  [0m] Created slice system-getty.slice.
[[0;32m  OK  [0m] Started Getty on tty1.
[[0;32m  OK  [0m] Reached target Login Prompts.
[[0;32m  OK  [0m] Started LSB: automatic crash report generation.
         Starting Authorization Manager...
[[0;32m  OK  [0m] Started LSB: Record successful boot for GRUB.
[[0;32m  OK  [0m] Started Authorization Manager.
[[0;32m  OK  [0m] Started Accounts Service.
[[0;32m  OK  [0m] Started Virtualbox guest utils.
[[0;32m  OK  [0m] Started Dispatcher daemon for systemd-networkd.
[[0;32m  OK  [0m] Started Snap Daemon.
         Starting Wait until snapd is fully seeded...
[[0;32m  OK  [0m] Started Pollinate to seed the pseudo random number generator.
         Starting OpenBSD Secure Shell server...
[[0;32m  OK  [0m] Started OpenBSD Secure Shell server.
[[0;32m  OK  [0m] Created slice User Slice of vagrant.
         Starting User Manager for UID 1000...
[[0;32m  OK  [0m] Started Session 1 of user vagrant.
[[0;32m  OK  [0m] Started User Manager for UID 1000.
[[0;32m  OK  [0m] Started Wait until snapd is fully seeded.
         Starting Apply the settings specified in cloud-config...
[[0;32m  OK  [0m] Reached target Multi-User System.
[[0;32m  OK  [0m] Reached target Graphical Interface.
         Starting Update UTMP about System Runlevel Changes...
[[0;32m  OK  [0m] Started Update UTMP about System Runlevel Changes.
[   26.693746] cloud-init[1343]: Cloud-init v. 21.1-19-gbad84ad4-0ubuntu1~18.04.2 running 'modules:config' at Wed, 14 Jul 2021 14:14:35 +0000. Up 25.58 seconds.

Ubuntu 18.04.5 LTS ubuntu-bionic ttyS0

ubuntu-bionic login: ci-info: no authorized SSH keys fingerprints found for user ubuntu.
<14>Jul 14 14:14:38 ec2: 
<14>Jul 14 14:14:38 ec2: #############################################################
<14>Jul 14 14:14:38 ec2: -----BEGIN SSH HOST KEY FINGERPRINTS-----
<14>Jul 14 14:14:38 ec2: 1024 SHA256:nZ0pdrBx6lLjMwSPWJXRy5NmYnqis/dpmi2uA3dc8wI root@ubuntu-bionic (DSA)
<14>Jul 14 14:14:38 ec2: 256 SHA256:zvZT/HFFYB4T+oGm0RLsp//xgnJG6kj8gtV2WVLYv4w root@ubuntu-bionic (ECDSA)
<14>Jul 14 14:14:38 ec2: 256 SHA256:nvr4lOeUjQ3He6lxZM71dosW+VSv1GMJ84nnxvozr1A root@ubuntu-bionic (ED25519)
<14>Jul 14 14:14:38 ec2: 2048 SHA256:Y2aCOEGqQRxAA8t/K50MNRJnjGxV5s/0hCx8cJCkc0I root@ubuntu-bionic (RSA)
<14>Jul 14 14:14:38 ec2: -----END SSH HOST KEY FINGERPRINTS-----
<14>Jul 14 14:14:38 ec2: #############################################################
-----BEGIN SSH HOST KEY KEYS-----
ecdsa-sha2-nistp256 AAAAE2VjZHNhLXNoYTItbmlzdHAyNTYAAAAIbmlzdHAyNTYAAABBBIv2ePyg6iXCLASTVa5a0x8/7CbAngU3QmSLDHe6oQ9AM3h/zNhMQoCol2nFjwnWWba8WO19otbRrF49f5jkL2s= root@ubuntu-bionic
ssh-ed25519 AAAAC3NzaC1lZDI1NTE5AAAAIEI9XMhQcD/dEVnWaKz7sPftrfXYrWSqwrDqvAFnGtdY root@ubuntu-bionic
ssh-rsa AAAAB3NzaC1yc2EAAAADAQABAAABAQCj7qdSuKGMQDmdhF10WddTsSkakOxUeCTl37FdMtqBEsP593HRVRF3fMvpPPe288u0/TJfV1Z3QGl80JRw4SF8SwGmiQreXdlho6W5kUHh7L97381Ck/xroyPCVqF0OTeHm7vMgucyihM1BedV35dvIR74RBrNFpgLu7MoYu4Y31j3bo1JRfEy2Uek7heaMBPRGhpFFosKNECnx78icfpNgwdBW/IGqTounvsztcQKQUeWNaGFg0HPDx4M9OSf2B0oN7BWy/x7Pk2n/njY834lqjbkeE0/gK6L2FZdIlQCk4ZcOLnpK6r84Eet7TheGtQ3VebeVmXc2nXVT3A3/vc/ root@ubuntu-bionic
-----END SSH HOST KEY KEYS-----
[   28.006229] cloud-init[1485]: Cloud-init v. 21.1-19-gbad84ad4-0ubuntu1~18.04.2 running 'modules:final' at Wed, 14 Jul 2021 14:14:37 +0000. Up 27.67 seconds.
[   28.006574] cloud-init[1485]: ci-info: no authorized SSH keys fingerprints found for user ubuntu.
[   28.009446] cloud-init[1485]: Cloud-init v. 21.1-19-gbad84ad4-0ubuntu1~18.04.2 finished at Wed, 14 Jul 2021 14:14:38 +0000. Datasource DataSourceNoCloud [seed=/dev/sdb][dsmode=net].  Up 27.99 seconds
